# JRE version: OpenJDK Runtime Environment (8.0_152) (build 1.8.0_152-release-1343-b16-5323222)
# Java VM: OpenJDK 64-Bit Server VM (25.152-b16-5323222 mixed mode linux-amd64 compressed oops)
Heap:
 PSYoungGen      total 416768K, used 198385K [0x00000000e0000000, 0x0000000100000000, 0x0000000100000000)
  eden space 309248K, 64% used [0x00000000e0000000,0x00000000ec1ac578,0x00000000f2e00000)
  from space 107520K, 0% used [0x00000000f2e00000,0x00000000f2e10000,0x00000000f9700000)
  to   space 106496K, 0% used [0x00000000f9800000,0x00000000f9800000,0x0000000100000000)
 ParOldGen       total 274432K, used 145578K [0x00000000a0000000, 0x00000000b0c00000, 0x00000000e0000000)
  object space 274432K, 53% used [0x00000000a0000000,0x00000000a8e2a860,0x00000000b0c00000)
 Metaspace       used 108928K, capacity 114293K, committed 114712K, reserved 1148928K
  class space    used 13406K, capacity 14300K, committed 14384K, reserved 1048576K
GC Heap History (10 events):
Event: 2695.441 GC heap before
{Heap before GC invocations=59 (full 5):
 PSYoungGen      total 460288K, used 460267K [0x00000000e0000000, 0x0000000100000000, 0x0000000100000000)
  eden space 405504K, 100% used [0x00000000e0000000,0x00000000f8c00000,0x00000000f8c00000)
  from space 54784K, 99% used [0x00000000f8c00000,0x00000000fc17acc0,0x00000000fc180000)
  to   space 64000K, 0% used [0x00000000fc180000,0x00000000fc180000,0x0000000100000000)
 ParOldGen       total 261120K, used 148125K [0x00000000a0000000, 0x00000000aff00000, 0x00000000e0000000)
  object space 261120K, 56% used [0x00000000a0000000,0x00000000a90a7650,0x00000000aff00000)
 Metaspace       used 108515K, capacity 113799K, committed 114456K, reserved 1148928K
  class space    used 13381K, capacity 14271K, committed 14384K, reserved 1048576K
Event: 2699.045 GC heap after
Heap after GC invocations=59 (full 5):
 PSYoungGen      total 385536K, used 63985K [0x00000000e0000000, 0x0000000100000000, 0x0000000100000000)
  eden space 321536K, 0% used [0x00000000e0000000,0x00000000e0000000,0x00000000f3a00000)
  from space 64000K, 99% used [0x00000000fc180000,0x00000000ffffc760,0x0000000100000000)
  to   space 101376K, 0% used [0x00000000f3a00000,0x00000000f3a00000,0x00000000f9d00000)
 ParOldGen       total 261120K, used 203303K [0x00000000a0000000, 0x00000000aff00000, 0x00000000e0000000)
  object space 261120K, 77% used [0x00000000a0000000,0x00000000ac689d90,0x00000000aff00000)
 Metaspace       used 108515K, capacity 113799K, committed 114456K, reserved 1148928K
  class space    used 13381K, capacity 14271K, committed 14384K, reserved 1048576K
}
Event: 2717.178 GC heap before
{Heap before GC invocations=60 (full 5):
 PSYoungGen      total 385536K, used 385521K [0x00000000e0000000, 0x0000000100000000, 0x0000000100000000)
  eden space 321536K, 100% used [0x00000000e0000000,0x00000000f3a00000,0x00000000f3a00000)
  from space 64000K, 99% used [0x00000000fc180000,0x00000000ffffc760,0x0000000100000000)
  to   space 101376K, 0% used [0x00000000f3a00000,0x00000000f3a00000,0x00000000f9d00000)
 ParOldGen       total 261120K, used 203303K [0x00000000a0000000, 0x00000000aff00000, 0x00000000e0000000)
  object space 261120K, 77% used [0x00000000a0000000,0x00000000ac689d90,0x00000000aff00000)
 Metaspace       used 108624K, capacity 113899K, committed 114456K, reserved 1148928K
  class space    used 13388K, capacity 14277K, committed 14384K, reserved 1048576K
Event: 2721.892 GC heap after
Heap after GC invocations=60 (full 5):
 PSYoungGen      total 422912K, used 11696K [0x00000000e0000000, 0x0000000100000000, 0x0000000100000000)
  eden space 321536K, 0% used [0x00000000e0000000,0x00000000e0000000,0x00000000f3a00000)
  from space 101376K, 11% used [0x00000000f3a00000,0x00000000f456c068,0x00000000f9d00000)
  to   space 98304K, 0% used [0x00000000fa000000,0x00000000fa000000,0x0000000100000000)
 ParOldGen       total 261120K, used 253199K [0x00000000a0000000, 0x00000000aff00000, 0x00000000e0000000)
  object space 261120K, 96% used [0x00000000a0000000,0x00000000af743e40,0x00000000aff00000)
 Metaspace       used 108624K, capacity 113899K, committed 114456K, reserved 1148928K
  class space    used 13388K, capacity 14277K, committed 14384K, reserved 1048576K
}
Event: 2721.892 GC heap before
{Heap before GC invocations=61 (full 6):
 PSYoungGen      total 422912K, used 11696K [0x00000000e0000000, 0x0000000100000000, 0x0000000100000000)
  eden space 321536K, 0% used [0x00000000e0000000,0x00000000e0000000,0x00000000f3a00000)
  from space 101376K, 11% used [0x00000000f3a00000,0x00000000f456c068,0x00000000f9d00000)
  to   space 98304K, 0% used [0x00000000fa000000,0x00000000fa000000,0x0000000100000000)
 ParOldGen       total 261120K, used 253199K [0x00000000a0000000, 0x00000000aff00000, 0x00000000e0000000)
  object space 261120K, 96% used [0x00000000a0000000,0x00000000af743e40,0x00000000aff00000)
 Metaspace       used 108624K, capacity 113899K, committed 114456K, reserved 1148928K
  class space    used 13388K, capacity 14277K, committed 14384K, reserved 1048576K
Event: 2722.489 GC heap after
Heap after GC invocations=61 (full 6):
 PSYoungGen      total 422912K, used 0K [0x00000000e0000000, 0x0000000100000000, 0x0000000100000000)
  eden space 321536K, 0% used [0x00000000e0000000,0x00000000e0000000,0x00000000f3a00000)
  from space 101376K, 0% used [0x00000000f3a00000,0x00000000f3a00000,0x00000000f9d00000)
  to   space 98304K, 0% used [0x00000000fa000000,0x00000000fa000000,0x0000000100000000)
 ParOldGen       total 274432K, used 81793K [0x00000000a0000000, 0x00000000b0c00000, 0x00000000e0000000)
  object space 274432K, 29% used [0x00000000a0000000,0x00000000a4fe04f0,0x00000000b0c00000)
 Metaspace       used 108624K, capacity 113899K, committed 114456K, reserved 1148928K
  class space    used 13388K, capacity 14277K, committed 14384K, reserved 1048576K
}
Event: 2882.136 GC heap before
{Heap before GC invocations=62 (full 6):
 PSYoungGen      total 422912K, used 321536K [0x00000000e0000000, 0x0000000100000000, 0x0000000100000000)
  eden space 321536K, 100% used [0x00000000e0000000,0x00000000f3a00000,0x00000000f3a00000)
  from space 101376K, 0% used [0x00000000f3a00000,0x00000000f3a00000,0x00000000f9d00000)
  to   space 98304K, 0% used [0x00000000fa000000,0x00000000fa000000,0x0000000100000000)
 ParOldGen       total 274432K, used 81827K [0x00000000a0000000, 0x00000000b0c00000, 0x00000000e0000000)
  object space 274432K, 29% used [0x00000000a0000000,0x00000000a4fe8f88,0x00000000b0c00000)
 Metaspace       used 108742K, capacity 114059K, committed 114456K, reserved 1148928K
  class space    used 13401K, capacity 14297K, committed 14384K, reserved 1048576K
Event: 2882.162 GC heap after
Heap after GC invocations=62 (full 6):
 PSYoungGen      total 407552K, used 74341K [0x00000000e0000000, 0x0000000100000000, 0x0000000100000000)
  eden space 309248K, 0% used [0x00000000e0000000,0x00000000e0000000,0x00000000f2e00000)
  from space 98304K, 75% used [0x00000000fa000000,0x00000000fe899648,0x0000000100000000)
  to   space 107520K, 0% used [0x00000000f2e00000,0x00000000f2e00000,0x00000000f9700000)
 ParOldGen       total 274432K, used 81835K [0x00000000a0000000, 0x00000000b0c00000, 0x00000000e0000000)
  object space 274432K, 29% used [0x00000000a0000000,0x00000000a4feaf88,0x00000000b0c00000)
 Metaspace       used 108742K, capacity 114059K, committed 114456K, reserved 1148928K
  class space    used 13401K, capacity 14297K, committed 14384K, reserved 1048576K
}
Event: 2882.162 GC heap before
{Heap before GC invocations=63 (full 6):
 PSYoungGen      total 407552K, used 76359K [0x00000000e0000000, 0x0000000100000000, 0x0000000100000000)
  eden space 309248K, 0% used [0x00000000e0000000,0x00000000e01f8920,0x00000000f2e00000)
  from space 98304K, 75% used [0x00000000fa000000,0x00000000fe899648,0x0000000100000000)
  to   space 107520K, 0% used [0x00000000f2e00000,0x00000000f2e00000,0x00000000f9700000)
 ParOldGen       total 274432K, used 81835K [0x00000000a0000000, 0x00000000b0c00000, 0x00000000e0000000)
  object space 274432K, 29% used [0x00000000a0000000,0x00000000a4feaf88,0x00000000b0c00000)
 Metaspace       used 108742K, capacity 114059K, committed 114456K, reserved 1148928K
  class space    used 13401K, capacity 14297K, committed 14384K, reserved 1048576K
Event: 2882.182 GC heap after
Heap after GC invocations=63 (full 6):
 PSYoungGen      total 416768K, used 64K [0x00000000e0000000, 0x0000000100000000, 0x0000000100000000)
  eden space 309248K, 0% used [0x00000000e0000000,0x00000000e0000000,0x00000000f2e00000)
  from space 107520K, 0% used [0x00000000f2e00000,0x00000000f2e10000,0x00000000f9700000)
  to   space 106496K, 0% used [0x00000000f9800000,0x00000000f9800000,0x0000000100000000)
 ParOldGen       total 274432K, used 145578K [0x00000000a0000000, 0x00000000b0c00000, 0x00000000e0000000)
  object space 274432K, 53% used [0x00000000a0000000,0x00000000a8e2a860,0x00000000b0c00000)
 Metaspace       used 108742K, capacity 114059K, committed 114456K, reserved 1148928K
  class space    used 13401K, capacity 14297K, committed 14384K, reserved 1048576K
}

