# JRE version: OpenJDK Runtime Environment (8.0_152) (build 1.8.0_152-release-1343-b16-5323222)
# Java VM: OpenJDK 64-Bit Server VM (25.152-b16-5323222 mixed mode linux-amd64 compressed oops)
Heap:
 PSYoungGen      total 398848K, used 116799K [0x00000000e0000000, 0x00000000ff380000, 0x0000000100000000)
  eden space 297472K, 22% used [0x00000000e0000000,0x00000000e42b12c0,0x00000000f2280000)
  from space 101376K, 47% used [0x00000000f9080000,0x00000000fbfdec90,0x00000000ff380000)
  to   space 107008K, 0% used [0x00000000f2280000,0x00000000f2280000,0x00000000f8b00000)
 ParOldGen       total 300032K, used 184549K [0x00000000a0000000, 0x00000000b2500000, 0x00000000e0000000)
  object space 300032K, 61% used [0x00000000a0000000,0x00000000ab4395f0,0x00000000b2500000)
 Metaspace       used 187212K, capacity 196047K, committed 223320K, reserved 1239040K
  class space    used 23517K, capacity 25296K, committed 33408K, reserved 1048576K
GC Heap History (10 events):
Event: 2615.395 GC heap before
{Heap before GC invocations=57 (full 9):
 PSYoungGen      total 389632K, used 264192K [0x00000000e0000000, 0x00000000ffb80000, 0x0000000100000000)
  eden space 264192K, 100% used [0x00000000e0000000,0x00000000f0200000,0x00000000f0200000)
  from space 125440K, 0% used [0x00000000f0200000,0x00000000f0200000,0x00000000f7c80000)
  to   space 119808K, 0% used [0x00000000f8680000,0x00000000f8680000,0x00000000ffb80000)
 ParOldGen       total 300032K, used 58903K [0x00000000a0000000, 0x00000000b2500000, 0x00000000e0000000)
  object space 300032K, 19% used [0x00000000a0000000,0x00000000a3985c98,0x00000000b2500000)
 Metaspace       used 164933K, capacity 172419K, committed 223320K, reserved 1239040K
  class space    used 20604K, capacity 22148K, committed 33408K, reserved 1048576K
Event: 2615.453 GC heap after
Heap after GC invocations=57 (full 9):
 PSYoungGen      total 386560K, used 52561K [0x00000000e0000000, 0x00000000fef80000, 0x0000000100000000)
  eden space 279040K, 0% used [0x00000000e0000000,0x00000000e0000000,0x00000000f1080000)
  from space 107520K, 48% used [0x00000000f8680000,0x00000000fb9d47d0,0x00000000fef80000)
  to   space 114176K, 0% used [0x00000000f1080000,0x00000000f1080000,0x00000000f8000000)
 ParOldGen       total 300032K, used 58911K [0x00000000a0000000, 0x00000000b2500000, 0x00000000e0000000)
  object space 300032K, 19% used [0x00000000a0000000,0x00000000a3987c98,0x00000000b2500000)
 Metaspace       used 164933K, capacity 172419K, committed 223320K, reserved 1239040K
  class space    used 20604K, capacity 22148K, committed 33408K, reserved 1048576K
}
Event: 2617.998 GC heap before
{Heap before GC invocations=58 (full 9):
 PSYoungGen      total 386560K, used 331601K [0x00000000e0000000, 0x00000000fef80000, 0x0000000100000000)
  eden space 279040K, 100% used [0x00000000e0000000,0x00000000f1080000,0x00000000f1080000)
  from space 107520K, 48% used [0x00000000f8680000,0x00000000fb9d47d0,0x00000000fef80000)
  to   space 114176K, 0% used [0x00000000f1080000,0x00000000f1080000,0x00000000f8000000)
 ParOldGen       total 300032K, used 58911K [0x00000000a0000000, 0x00000000b2500000, 0x00000000e0000000)
  object space 300032K, 19% used [0x00000000a0000000,0x00000000a3987c98,0x00000000b2500000)
 Metaspace       used 176129K, capacity 183989K, committed 223320K, reserved 1239040K
  class space    used 22103K, capacity 23719K, committed 33408K, reserved 1048576K
Event: 2618.049 GC heap after
Heap after GC invocations=58 (full 9):
 PSYoungGen      total 393216K, used 54080K [0x00000000e0000000, 0x00000000ffb80000, 0x0000000100000000)
  eden space 279040K, 0% used [0x00000000e0000000,0x00000000e0000000,0x00000000f1080000)
  from space 114176K, 47% used [0x00000000f1080000,0x00000000f45500d0,0x00000000f8000000)
  to   space 108544K, 0% used [0x00000000f9180000,0x00000000f9180000,0x00000000ffb80000)
 ParOldGen       total 300032K, used 69552K [0x00000000a0000000, 0x00000000b2500000, 0x00000000e0000000)
  object space 300032K, 23% used [0x00000000a0000000,0x00000000a43ec208,0x00000000b2500000)
 Metaspace       used 176129K, capacity 183989K, committed 223320K, reserved 1239040K
  class space    used 22103K, capacity 23719K, committed 33408K, reserved 1048576K
}
Event: 2620.220 GC heap before
{Heap before GC invocations=59 (full 9):
 PSYoungGen      total 393216K, used 333120K [0x00000000e0000000, 0x00000000ffb80000, 0x0000000100000000)
  eden space 279040K, 100% used [0x00000000e0000000,0x00000000f1080000,0x00000000f1080000)
  from space 114176K, 47% used [0x00000000f1080000,0x00000000f45500d0,0x00000000f8000000)
  to   space 108544K, 0% used [0x00000000f9180000,0x00000000f9180000,0x00000000ffb80000)
 ParOldGen       total 300032K, used 69552K [0x00000000a0000000, 0x00000000b2500000, 0x00000000e0000000)
  object space 300032K, 23% used [0x00000000a0000000,0x00000000a43ec208,0x00000000b2500000)
 Metaspace       used 185495K, capacity 194171K, committed 223320K, reserved 1239040K
  class space    used 23378K, capacity 25136K, committed 33408K, reserved 1048576K
Event: 2620.315 GC heap after
Heap after GC invocations=59 (full 9):
 PSYoungGen      total 400384K, used 89982K [0x00000000e0000000, 0x0000000100000000, 0x0000000100000000)
  eden space 291840K, 0% used [0x00000000e0000000,0x00000000e0000000,0x00000000f1d00000)
  from space 108544K, 82% used [0x00000000f9180000,0x00000000fe95fa70,0x00000000ffb80000)
  to   space 116224K, 0% used [0x00000000f1d00000,0x00000000f1d00000,0x00000000f8e80000)
 ParOldGen       total 300032K, used 106414K [0x00000000a0000000, 0x00000000b2500000, 0x00000000e0000000)
  object space 300032K, 35% used [0x00000000a0000000,0x00000000a67eb840,0x00000000b2500000)
 Metaspace       used 185495K, capacity 194171K, committed 223320K, reserved 1239040K
  class space    used 23378K, capacity 25136K, committed 33408K, reserved 1048576K
}
Event: 2621.170 GC heap before
{Heap before GC invocations=60 (full 9):
 PSYoungGen      total 400384K, used 381822K [0x00000000e0000000, 0x0000000100000000, 0x0000000100000000)
  eden space 291840K, 100% used [0x00000000e0000000,0x00000000f1d00000,0x00000000f1d00000)
  from space 108544K, 82% used [0x00000000f9180000,0x00000000fe95fa70,0x00000000ffb80000)
  to   space 116224K, 0% used [0x00000000f1d00000,0x00000000f1d00000,0x00000000f8e80000)
 ParOldGen       total 300032K, used 106414K [0x00000000a0000000, 0x00000000b2500000, 0x00000000e0000000)
  object space 300032K, 35% used [0x00000000a0000000,0x00000000a67eb840,0x00000000b2500000)
 Metaspace       used 186046K, capacity 194781K, committed 223320K, reserved 1239040K
  class space    used 23426K, capacity 25209K, committed 33408K, reserved 1048576K
Event: 2621.265 GC heap after
Heap after GC invocations=60 (full 9):
 PSYoungGen      total 408064K, used 57806K [0x00000000e0000000, 0x00000000ffc80000, 0x0000000100000000)
  eden space 291840K, 0% used [0x00000000e0000000,0x00000000e0000000,0x00000000f1d00000)
  from space 116224K, 49% used [0x00000000f1d00000,0x00000000f5573828,0x00000000f8e80000)
  to   space 110592K, 0% used [0x00000000f9080000,0x00000000f9080000,0x00000000ffc80000)
 ParOldGen       total 300032K, used 127494K [0x00000000a0000000, 0x00000000b2500000, 0x00000000e0000000)
  object space 300032K, 42% used [0x00000000a0000000,0x00000000a7c81b90,0x00000000b2500000)
 Metaspace       used 186046K, capacity 194781K, committed 223320K, reserved 1239040K
  class space    used 23426K, capacity 25209K, committed 33408K, reserved 1048576K
}
Event: 2625.555 GC heap before
{Heap before GC invocations=61 (full 9):
 PSYoungGen      total 408064K, used 349646K [0x00000000e0000000, 0x00000000ffc80000, 0x0000000100000000)
  eden space 291840K, 100% used [0x00000000e0000000,0x00000000f1d00000,0x00000000f1d00000)
  from space 116224K, 49% used [0x00000000f1d00000,0x00000000f5573828,0x00000000f8e80000)
  to   space 110592K, 0% used [0x00000000f9080000,0x00000000f9080000,0x00000000ffc80000)
 ParOldGen       total 300032K, used 127494K [0x00000000a0000000, 0x00000000b2500000, 0x00000000e0000000)
  object space 300032K, 42% used [0x00000000a0000000,0x00000000a7c81b90,0x00000000b2500000)
 Metaspace       used 187109K, capacity 195855K, committed 223320K, reserved 1239040K
  class space    used 23514K, capacity 25296K, committed 33408K, reserved 1048576K
Event: 2625.654 GC heap after
Heap after GC invocations=61 (full 9):
 PSYoungGen      total 398848K, used 48507K [0x00000000e0000000, 0x00000000ff380000, 0x0000000100000000)
  eden space 297472K, 0% used [0x00000000e0000000,0x00000000e0000000,0x00000000f2280000)
  from space 101376K, 47% used [0x00000000f9080000,0x00000000fbfdec90,0x00000000ff380000)
  to   space 107008K, 0% used [0x00000000f2280000,0x00000000f2280000,0x00000000f8b00000)
 ParOldGen       total 300032K, used 184549K [0x00000000a0000000, 0x00000000b2500000, 0x00000000e0000000)
  object space 300032K, 61% used [0x00000000a0000000,0x00000000ab4395f0,0x00000000b2500000)
 Metaspace       used 187109K, capacity 195855K, committed 223320K, reserved 1239040K
  class space    used 23514K, capacity 25296K, committed 33408K, reserved 1048576K
}

